[2026-01-31T01:08:13.094+0000] {local_task_job_runner.py:120} INFO - ::group::Pre task execution logs
[2026-01-31T01:08:13.124+0000] {taskinstance.py:2076} INFO - Dependencies all met for dep_context=non-requeueable deps ti=<TaskInstance: etl_dw_dag.transform manual__2026-01-31T01:08:09.941685+00:00 [queued]>
[2026-01-31T01:08:13.130+0000] {taskinstance.py:2076} INFO - Dependencies all met for dep_context=requeueable deps ti=<TaskInstance: etl_dw_dag.transform manual__2026-01-31T01:08:09.941685+00:00 [queued]>
[2026-01-31T01:08:13.130+0000] {taskinstance.py:2306} INFO - Starting attempt 1 of 1
[2026-01-31T01:08:13.140+0000] {taskinstance.py:2330} INFO - Executing <Task(BashOperator): transform> on 2026-01-31 01:08:09.941685+00:00
[2026-01-31T01:08:13.150+0000] {standard_task_runner.py:90} INFO - Running: ['***', 'tasks', 'run', 'etl_dw_dag', 'transform', 'manual__2026-01-31T01:08:09.941685+00:00', '--job-id', '3', '--raw', '--subdir', 'DAGS_FOLDER/etl_dw_dag.py', '--cfg-path', '/tmp/tmpia7grzc5']
[2026-01-31T01:08:13.151+0000] {logging_mixin.py:188} WARNING - /home/***/.local/lib/python3.12/site-packages/***/task/task_runner/standard_task_runner.py:62 DeprecationWarning: This process (pid=218) is multi-threaded, use of fork() may lead to deadlocks in the child.
[2026-01-31T01:08:13.152+0000] {standard_task_runner.py:91} INFO - Job 3: Subtask transform
[2026-01-31T01:08:13.152+0000] {standard_task_runner.py:64} INFO - Started process 221 to run task
[2026-01-31T01:08:13.196+0000] {task_command.py:426} INFO - Running <TaskInstance: etl_dw_dag.transform manual__2026-01-31T01:08:09.941685+00:00 [running]> on host d9530d838c58
[2026-01-31T01:08:13.268+0000] {taskinstance.py:2648} INFO - Exporting env vars: AIRFLOW_CTX_DAG_OWNER='***' AIRFLOW_CTX_DAG_ID='etl_dw_dag' AIRFLOW_CTX_TASK_ID='transform' AIRFLOW_CTX_EXECUTION_DATE='2026-01-31T01:08:09.941685+00:00' AIRFLOW_CTX_TRY_NUMBER='1' AIRFLOW_CTX_DAG_RUN_ID='manual__2026-01-31T01:08:09.941685+00:00'
[2026-01-31T01:08:13.269+0000] {taskinstance.py:430} INFO - ::endgroup::
[2026-01-31T01:08:13.278+0000] {subprocess.py:63} INFO - Tmp dir root location: /tmp
[2026-01-31T01:08:13.279+0000] {subprocess.py:75} INFO - Running command: ['/usr/bin/bash', '-c', 'python /opt/***/src/transform.py']
[2026-01-31T01:08:13.291+0000] {subprocess.py:86} INFO - Output:
[2026-01-31T01:08:13.987+0000] {subprocess.py:93} INFO - Leyendo archivos desde: /opt/***/data
[2026-01-31T01:08:13.987+0000] {subprocess.py:93} INFO - 
[2026-01-31T01:08:13.988+0000] {subprocess.py:93} INFO - === CATALOG ===
[2026-01-31T01:08:13.988+0000] {subprocess.py:93} INFO - shape: (6767, 7)
[2026-01-31T01:08:13.989+0000] {subprocess.py:93} INFO - cols: ['ID', 'INV', 'DATE', 'CATALOG', 'PCODE', 'QTY', 'custnum']
[2026-01-31T01:08:13.989+0000] {subprocess.py:93} INFO -    ID       INV              DATE    CATALOG   PCODE   QTY  custnum
[2026-01-31T01:08:13.989+0000] {subprocess.py:93} INFO - 0   1  107707.0   3/97/7 00:00:00     Sports  SP1000  1.00   1242.0
[2026-01-31T01:08:13.990+0000] {subprocess.py:93} INFO - 1   2  110633.0  3/97/25 00:00:00  Gardening  GD2200  1.00   1243.0
[2026-01-31T01:08:13.990+0000] {subprocess.py:93} INFO - 2   3  111155.0  3/97/28 00:00:00       Pets  PT1300  3.00   1244.0
[2026-01-31T01:08:13.990+0000] {subprocess.py:93} INFO - 3   4  126867.0  6/97/22 00:00:00       Toys  TY4100  1.00   1245.0
[2026-01-31T01:08:13.991+0000] {subprocess.py:93} INFO - 4   5  135872.0   8/97/8 00:00:00       Toys  TY1200  4.00   1246.0
[2026-01-31T01:08:13.991+0000] {subprocess.py:93} INFO - 
[2026-01-31T01:08:13.991+0000] {subprocess.py:93} INFO - === WEB ===
[2026-01-31T01:08:13.992+0000] {subprocess.py:93} INFO - shape: (943, 7)
[2026-01-31T01:08:13.992+0000] {subprocess.py:93} INFO - cols: ['ID', 'INV', 'PCODE', 'DATE', 'CATALOG', 'QTY', 'custnum']
[2026-01-31T01:08:13.992+0000] {subprocess.py:93} INFO -    ID        INV   PCODE                 DATE    CATALOG  QTY          custnum
[2026-01-31T01:08:13.992+0000] {subprocess.py:93} INFO - 0   1  2513000.0  GD3200  17/12/2000 00:00:00  Gardening  3.0  Rifkin, Mr. Bob
[2026-01-31T01:08:13.993+0000] {subprocess.py:93} INFO - 1   2  2513000.0  PT1400    6/1/2001 00:00:00       Pets  1.0  Rifkin, Mr. Bob
[2026-01-31T01:08:13.993+0000] {subprocess.py:93} INFO - 2   3  2513000.0  PT2000    6/1/2001 00:00:00        Pet  1.0  Rifkin, Mr. Bob
[2026-01-31T01:08:13.993+0000] {subprocess.py:93} INFO - 3   4  2513000.0  PT2100    6/1/2001 00:00:00       Pets  1.0  Rifkin, Mr. Bob
[2026-01-31T01:08:13.994+0000] {subprocess.py:93} INFO - 4   5  2513000.0  PT2OOO   27/7/2000 00:00:00       Pets  4.0  Rifkin, Mr. Bob
[2026-01-31T01:08:13.994+0000] {subprocess.py:93} INFO - 
[2026-01-31T01:08:13.994+0000] {subprocess.py:93} INFO - === PRODUCTS ===
[2026-01-31T01:08:13.994+0000] {subprocess.py:93} INFO - shape: (192, 7)
[2026-01-31T01:08:13.995+0000] {subprocess.py:93} INFO - cols: ['ID', 'TYPE', 'DESCRIP', 'PRICE', 'COST', 'PCODE', 'supplier']
[2026-01-31T01:08:13.995+0000] {subprocess.py:93} INFO -    ID       TYPE  ...   PCODE                supplier
[2026-01-31T01:08:13.995+0000] {subprocess.py:93} INFO - 0   1   Database  ...  SW1005  Software America, Inc.
[2026-01-31T01:08:13.995+0000] {subprocess.py:93} INFO - 1   2   Database  ...  SW1207        Software America
[2026-01-31T01:08:13.995+0000] {subprocess.py:93} INFO - 2   3   Database  ...  SW3049        Software America
[2026-01-31T01:08:13.996+0000] {subprocess.py:93} INFO - 3   4  Financial  ...  SW2842        Software America
[2026-01-31T01:08:13.996+0000] {subprocess.py:93} INFO - 4   5  Financial  ...  SW4187        Software America
[2026-01-31T01:08:13.996+0000] {subprocess.py:93} INFO - 
[2026-01-31T01:08:13.996+0000] {subprocess.py:93} INFO - [5 rows x 7 columns]
[2026-01-31T01:08:13.997+0000] {subprocess.py:93} INFO - 
[2026-01-31T01:08:13.997+0000] {subprocess.py:93} INFO - 
[2026-01-31T01:08:13.997+0000] {subprocess.py:93} INFO - === TRANSFORM REPORT ===
[2026-01-31T01:08:13.997+0000] {subprocess.py:93} INFO - 
[2026-01-31T01:08:13.998+0000] {subprocess.py:93} INFO - CATALOG únicos (Catalog_Orders):
[2026-01-31T01:08:13.998+0000] {subprocess.py:93} INFO - CATALOG
[2026-01-31T01:08:13.998+0000] {subprocess.py:93} INFO - Sports          1952
[2026-01-31T01:08:13.998+0000] {subprocess.py:93} INFO - Pets            1704
[2026-01-31T01:08:13.999+0000] {subprocess.py:93} INFO - Toys            1393
[2026-01-31T01:08:13.999+0000] {subprocess.py:93} INFO - Gardening        958
[2026-01-31T01:08:13.999+0000] {subprocess.py:93} INFO - Software         577
[2026-01-31T01:08:13.999+0000] {subprocess.py:93} INFO - Collectibles     181
[2026-01-31T01:08:14.000+0000] {subprocess.py:93} INFO - Nan                2
[2026-01-31T01:08:14.000+0000] {subprocess.py:93} INFO - Name: count, dtype: int64
[2026-01-31T01:08:14.000+0000] {subprocess.py:93} INFO - 
[2026-01-31T01:08:14.000+0000] {subprocess.py:93} INFO - CATALOG únicos (Web_Orders):
[2026-01-31T01:08:14.001+0000] {subprocess.py:93} INFO - CATALOG
[2026-01-31T01:08:14.001+0000] {subprocess.py:93} INFO - Sports       340
[2026-01-31T01:08:14.001+0000] {subprocess.py:93} INFO - Toys         237
[2026-01-31T01:08:14.001+0000] {subprocess.py:93} INFO - Gardening    193
[2026-01-31T01:08:14.002+0000] {subprocess.py:93} INFO - Pets         173
[2026-01-31T01:08:14.002+0000] {subprocess.py:93} INFO - Name: count, dtype: int64
[2026-01-31T01:08:14.002+0000] {subprocess.py:93} INFO - 
[2026-01-31T01:08:14.002+0000] {subprocess.py:93} INFO - Nulos después de limpieza:
[2026-01-31T01:08:14.003+0000] {subprocess.py:93} INFO - Catalog QTY nulos: 7
[2026-01-31T01:08:14.003+0000] {subprocess.py:93} INFO - Web QTY nulos: 3
[2026-01-31T01:08:14.003+0000] {subprocess.py:93} INFO - Catalog DATE nulos: 0
[2026-01-31T01:08:14.003+0000] {subprocess.py:93} INFO - Web DATE nulos: 0
[2026-01-31T01:08:14.064+0000] {subprocess.py:97} INFO - Command exited with return code 0
[2026-01-31T01:08:14.065+0000] {taskinstance.py:441} INFO - ::group::Post task execution logs
[2026-01-31T01:08:14.094+0000] {taskinstance.py:1206} INFO - Marking task as SUCCESS. dag_id=etl_dw_dag, task_id=transform, run_id=manual__2026-01-31T01:08:09.941685+00:00, execution_date=20260131T010809, start_date=20260131T010813, end_date=20260131T010814
[2026-01-31T01:08:14.130+0000] {local_task_job_runner.py:243} INFO - Task exited with return code 0
[2026-01-31T01:08:14.155+0000] {taskinstance.py:3503} INFO - 1 downstream tasks scheduled from follow-on schedule check
[2026-01-31T01:08:14.161+0000] {local_task_job_runner.py:222} INFO - ::endgroup::
