[2026-01-31T04:41:30.360+0000] {local_task_job_runner.py:120} INFO - ::group::Pre task execution logs
[2026-01-31T04:41:30.441+0000] {taskinstance.py:2076} INFO - Dependencies all met for dep_context=non-requeueable deps ti=<TaskInstance: etl_dw_dag.extract manual__2026-01-31T02:53:38.753383+00:00 [queued]>
[2026-01-31T04:41:30.453+0000] {taskinstance.py:2076} INFO - Dependencies all met for dep_context=requeueable deps ti=<TaskInstance: etl_dw_dag.extract manual__2026-01-31T02:53:38.753383+00:00 [queued]>
[2026-01-31T04:41:30.456+0000] {taskinstance.py:2306} INFO - Starting attempt 2 of 2
[2026-01-31T04:41:30.472+0000] {taskinstance.py:2330} INFO - Executing <Task(BashOperator): extract> on 2026-01-31 02:53:38.753383+00:00
[2026-01-31T04:41:30.482+0000] {standard_task_runner.py:90} INFO - Running: ['***', 'tasks', 'run', 'etl_dw_dag', 'extract', 'manual__2026-01-31T02:53:38.753383+00:00', '--job-id', '13', '--raw', '--subdir', 'DAGS_FOLDER/etl_dw_dag.py', '--cfg-path', '/tmp/tmpmuzc4u4f']
[2026-01-31T04:41:30.485+0000] {logging_mixin.py:188} WARNING - /home/***/.local/lib/python3.12/site-packages/***/task/task_runner/standard_task_runner.py:62 DeprecationWarning: This process (pid=1825) is multi-threaded, use of fork() may lead to deadlocks in the child.
[2026-01-31T04:41:30.486+0000] {standard_task_runner.py:91} INFO - Job 13: Subtask extract
[2026-01-31T04:41:30.486+0000] {standard_task_runner.py:64} INFO - Started process 1826 to run task
[2026-01-31T04:41:30.538+0000] {task_command.py:426} INFO - Running <TaskInstance: etl_dw_dag.extract manual__2026-01-31T02:53:38.753383+00:00 [running]> on host 938e60b504de
[2026-01-31T04:41:30.630+0000] {taskinstance.py:2648} INFO - Exporting env vars: AIRFLOW_CTX_DAG_OWNER='***' AIRFLOW_CTX_DAG_ID='etl_dw_dag' AIRFLOW_CTX_TASK_ID='extract' AIRFLOW_CTX_EXECUTION_DATE='2026-01-31T02:53:38.753383+00:00' AIRFLOW_CTX_TRY_NUMBER='2' AIRFLOW_CTX_DAG_RUN_ID='manual__2026-01-31T02:53:38.753383+00:00'
[2026-01-31T04:41:30.631+0000] {taskinstance.py:430} INFO - ::endgroup::
[2026-01-31T04:41:30.657+0000] {subprocess.py:63} INFO - Tmp dir root location: /tmp
[2026-01-31T04:41:30.659+0000] {subprocess.py:75} INFO - Running command: ['/usr/bin/bash', '-c', 'python /opt/***/src/extract.py']
[2026-01-31T04:41:30.673+0000] {subprocess.py:86} INFO - Output:
[2026-01-31T04:41:31.980+0000] {subprocess.py:93} INFO - Leyendo archivos desde: /opt/***/data
[2026-01-31T04:41:31.981+0000] {subprocess.py:93} INFO - 
[2026-01-31T04:41:31.982+0000] {subprocess.py:93} INFO - === CATALOG ===
[2026-01-31T04:41:31.982+0000] {subprocess.py:93} INFO - shape: (6767, 7)
[2026-01-31T04:41:31.983+0000] {subprocess.py:93} INFO - cols: ['ID', 'INV', 'DATE', 'CATALOG', 'PCODE', 'QTY', 'custnum']
[2026-01-31T04:41:31.983+0000] {subprocess.py:93} INFO -    ID       INV              DATE    CATALOG   PCODE   QTY  custnum
[2026-01-31T04:41:31.983+0000] {subprocess.py:93} INFO - 0   1  107707.0   3/97/7 00:00:00     Sports  SP1000  1.00   1242.0
[2026-01-31T04:41:31.983+0000] {subprocess.py:93} INFO - 1   2  110633.0  3/97/25 00:00:00  Gardening  GD2200  1.00   1243.0
[2026-01-31T04:41:31.984+0000] {subprocess.py:93} INFO - 2   3  111155.0  3/97/28 00:00:00       Pets  PT1300  3.00   1244.0
[2026-01-31T04:41:31.984+0000] {subprocess.py:93} INFO - 3   4  126867.0  6/97/22 00:00:00       Toys  TY4100  1.00   1245.0
[2026-01-31T04:41:31.984+0000] {subprocess.py:93} INFO - 4   5  135872.0   8/97/8 00:00:00       Toys  TY1200  4.00   1246.0
[2026-01-31T04:41:31.985+0000] {subprocess.py:93} INFO - 
[2026-01-31T04:41:31.985+0000] {subprocess.py:93} INFO - === WEB ===
[2026-01-31T04:41:31.986+0000] {subprocess.py:93} INFO - shape: (943, 7)
[2026-01-31T04:41:31.986+0000] {subprocess.py:93} INFO - cols: ['ID', 'INV', 'PCODE', 'DATE', 'CATALOG', 'QTY', 'custnum']
[2026-01-31T04:41:31.986+0000] {subprocess.py:93} INFO -    ID        INV   PCODE                 DATE    CATALOG  QTY          custnum
[2026-01-31T04:41:31.986+0000] {subprocess.py:93} INFO - 0   1  2513000.0  GD3200  17/12/2000 00:00:00  Gardening  3.0  Rifkin, Mr. Bob
[2026-01-31T04:41:31.987+0000] {subprocess.py:93} INFO - 1   2  2513000.0  PT1400    6/1/2001 00:00:00       Pets  1.0  Rifkin, Mr. Bob
[2026-01-31T04:41:31.987+0000] {subprocess.py:93} INFO - 2   3  2513000.0  PT2000    6/1/2001 00:00:00        Pet  1.0  Rifkin, Mr. Bob
[2026-01-31T04:41:31.987+0000] {subprocess.py:93} INFO - 3   4  2513000.0  PT2100    6/1/2001 00:00:00       Pets  1.0  Rifkin, Mr. Bob
[2026-01-31T04:41:31.987+0000] {subprocess.py:93} INFO - 4   5  2513000.0  PT2OOO   27/7/2000 00:00:00       Pets  4.0  Rifkin, Mr. Bob
[2026-01-31T04:41:31.988+0000] {subprocess.py:93} INFO - 
[2026-01-31T04:41:31.988+0000] {subprocess.py:93} INFO - === PRODUCTS ===
[2026-01-31T04:41:31.988+0000] {subprocess.py:93} INFO - shape: (192, 7)
[2026-01-31T04:41:31.988+0000] {subprocess.py:93} INFO - cols: ['ID', 'TYPE', 'DESCRIP', 'PRICE', 'COST', 'PCODE', 'supplier']
[2026-01-31T04:41:31.989+0000] {subprocess.py:93} INFO -    ID       TYPE  ...   PCODE                supplier
[2026-01-31T04:41:31.989+0000] {subprocess.py:93} INFO - 0   1   Database  ...  SW1005  Software America, Inc.
[2026-01-31T04:41:31.989+0000] {subprocess.py:93} INFO - 1   2   Database  ...  SW1207        Software America
[2026-01-31T04:41:31.990+0000] {subprocess.py:93} INFO - 2   3   Database  ...  SW3049        Software America
[2026-01-31T04:41:31.990+0000] {subprocess.py:93} INFO - 3   4  Financial  ...  SW2842        Software America
[2026-01-31T04:41:31.990+0000] {subprocess.py:93} INFO - 4   5  Financial  ...  SW4187        Software America
[2026-01-31T04:41:31.990+0000] {subprocess.py:93} INFO - 
[2026-01-31T04:41:31.991+0000] {subprocess.py:93} INFO - [5 rows x 7 columns]
[2026-01-31T04:41:31.991+0000] {subprocess.py:93} INFO - 
[2026-01-31T04:41:32.085+0000] {subprocess.py:97} INFO - Command exited with return code 0
[2026-01-31T04:41:32.087+0000] {taskinstance.py:441} INFO - ::group::Post task execution logs
[2026-01-31T04:41:32.616+0000] {taskinstance.py:1206} INFO - Marking task as SUCCESS. dag_id=etl_dw_dag, task_id=extract, run_id=manual__2026-01-31T02:53:38.753383+00:00, execution_date=20260131T025338, start_date=20260131T044130, end_date=20260131T044132
[2026-01-31T04:41:32.670+0000] {local_task_job_runner.py:243} INFO - Task exited with return code 0
[2026-01-31T04:41:32.703+0000] {taskinstance.py:3503} INFO - 1 downstream tasks scheduled from follow-on schedule check
[2026-01-31T04:41:32.709+0000] {local_task_job_runner.py:222} INFO - ::endgroup::
